{
  "tests": 7,
  "failures": 1,
  "disabled": 0,
  "errors": 0,
  "timestamp": "2024-03-11T21:58:20Z",
  "time": "0.001s",
  "name": "AllTests",
  "testsuites": [
    {
      "name": "PrintingTester",
      "tests": 7,
      "failures": 1,
      "disabled": 0,
      "errors": 0,
      "timestamp": "2024-03-11T21:58:20Z",
      "time": "0s",
      "testsuite": [
        {
          "name": "singleInteger",
          "file": "\/tmp\/tmp4rzqf_fw\/student\/lab\/tests\/printingTests.cpp",
          "line": 42,
          "status": "RUN",
          "result": "COMPLETED",
          "timestamp": "2024-03-11T21:58:20Z",
          "time": "0s",
          "classname": "PrintingTester"
        },
        {
          "name": "singleDouble",
          "file": "\/tmp\/tmp4rzqf_fw\/student\/lab\/tests\/printingTests.cpp",
          "line": 58,
          "status": "RUN",
          "result": "COMPLETED",
          "timestamp": "2024-03-11T21:58:20Z",
          "time": "0s",
          "classname": "PrintingTester"
        },
        {
          "name": "printFraction",
          "file": "\/tmp\/tmp4rzqf_fw\/student\/lab\/tests\/printingTests.cpp",
          "line": 74,
          "status": "RUN",
          "result": "COMPLETED",
          "timestamp": "2024-03-11T21:58:20Z",
          "time": "0s",
          "classname": "PrintingTester"
        },
        {
          "name": "printCstring",
          "file": "\/tmp\/tmp4rzqf_fw\/student\/lab\/tests\/printingTests.cpp",
          "line": 91,
          "status": "RUN",
          "result": "COMPLETED",
          "timestamp": "2024-03-11T21:58:20Z",
          "time": "0s",
          "classname": "PrintingTester"
        },
        {
          "name": "printNotCopyableObject",
          "file": "\/tmp\/tmp4rzqf_fw\/student\/lab\/tests\/printingTests.cpp",
          "line": 108,
          "status": "RUN",
          "result": "COMPLETED",
          "timestamp": "2024-03-11T21:58:20Z",
          "time": "0s",
          "classname": "PrintingTester"
        },
        {
          "name": "printArrayOfNumbers",
          "file": "\/tmp\/tmp4rzqf_fw\/student\/lab\/tests\/printingTests.cpp",
          "line": 126,
          "status": "RUN",
          "result": "COMPLETED",
          "timestamp": "2024-03-11T21:58:20Z",
          "time": "0s",
          "classname": "PrintingTester"
        },
        {
          "name": "printWithoutArgument",
          "file": "\/tmp\/tmp4rzqf_fw\/student\/lab\/tests\/printingTests.cpp",
          "line": 154,
          "status": "RUN",
          "result": "COMPLETED",
          "timestamp": "2024-03-11T21:58:20Z",
          "time": "0s",
          "classname": "PrintingTester",
          "failures": [
            {
              "failure": "\/tmp\/tmp4rzqf_fw\/student\/lab\/tests\/printingTests.cpp:157\nFailed\nFunction not implemented",
              "type": ""
            }
          ]
        }
      ]
    }
  ]
}
