==163== Memcheck, a memory error detector
==163== Copyright (C) 2002-2017, and GNU GPL'd, by Julian Seward et al.
==163== Using Valgrind-3.18.1 and LibVEX; rerun with -h for copyright info
==163== Command: /tmp/tmp4rzqf_fw/student/lab/build//bin/tests
==163== 
Running main() from /tmp/tmp4rzqf_fw/student/lab/tests/lib/googletest/src/gtest_main.cc
[==========] Running 7 tests from 1 test suite.
[----------] Global test environment set-up.
[----------] 7 tests from PrintingTester
[ RUN      ] PrintingTester.singleInteger
[       OK ] PrintingTester.singleInteger (32 ms)
[ RUN      ] PrintingTester.singleDouble
[       OK ] PrintingTester.singleDouble (28 ms)
[ RUN      ] PrintingTester.printFraction
[       OK ] PrintingTester.printFraction (5 ms)
[ RUN      ] PrintingTester.printCstring
[       OK ] PrintingTester.printCstring (4 ms)
[ RUN      ] PrintingTester.printNotCopyableObject
[       OK ] PrintingTester.printNotCopyableObject (3 ms)
[ RUN      ] PrintingTester.printArrayOfNumbers
[       OK ] PrintingTester.printArrayOfNumbers (3 ms)
[ RUN      ] PrintingTester.printWithoutArgument
/tmp/tmp4rzqf_fw/student/lab/tests/printingTests.cpp:157: Failure
Failed
Function not implemented
[  FAILED  ] PrintingTester.printWithoutArgument (32 ms)
[----------] 7 tests from PrintingTester (128 ms total)

[----------] Global test environment tear-down
[==========] 7 tests from 1 test suite ran. (184 ms total)
[  PASSED  ] 6 tests.
[  FAILED  ] 1 test, listed below:
[  FAILED  ] PrintingTester.printWithoutArgument

 1 FAILED TEST
==163== 
==163== HEAP SUMMARY:
==163==     in use at exit: 0 bytes in 0 blocks
==163==   total heap usage: 302 allocs, 302 frees, 131,144 bytes allocated
==163== 
==163== All heap blocks were freed -- no leaks are possible
==163== 
==163== For lists of detected and suppressed errors, rerun with: -s
==163== ERROR SUMMARY: 0 errors from 0 contexts (suppressed: 0 from 0)
